<?xml version="1.0" encoding="UTF-8"?>
<testsuite xmlns:xsi="http://www.w3.org/2001/XMLSchema-instance" xsi:noNamespaceSchemaLocation="https://maven.apache.org/surefire/maven-surefire-plugin/xsd/surefire-test-report-3.0.xsd" version="3.0" name="com.shahroz.FoodDeliverySBandReact.FoodDeliverySBandReactApplicationTests" time="11.923" tests="1" errors="0" skipped="0" failures="0">
  <properties>
[...]
</properties>
  <testcase name="contextLoads" classname="com.shahroz.FoodDeliverySBandReact.FoodDeliverySBandReactApplicationTests" time="1.348">
    <system-out><![CDATA[14:53:25.849 [main] INFO org.springframework.test.context.support.AnnotationConfigContextLoaderUtils -- Could not detect default configuration classes for test class [com.shahroz.FoodDeliverySBandReact.FoodDeliverySBandReactApplicationTests]: FoodDeliverySBandReactApplicationTests does not declare any static, non-private, non-final, nested classes annotated with @Configuration.
14:53:26.042 [main] INFO org.springframework.boot.test.context.SpringBootTestContextBootstrapper -- Found @SpringBootConfiguration com.shahroz.FoodDeliverySBandReact.FoodDeliverySBandReactApplication for test class com.shahroz.FoodDeliverySBandReact.FoodDeliverySBandReactApplicationTests

  .   ____          _            __ _ _
 /\\ / ___'_ __ _ _(_)_ __  __ _ \ \ \ \
( ( )\___ | '_ | '_| | '_ \/ _` | \ \ \ \
 \\/  ___)| |_)| | | | | || (_| |  ) ) ) )
  '  |____| .__|_| |_|_| |_\__, | / / / /
 =========|_|==============|___/=/_/_/_/
 :: Spring Boot ::                (v3.1.4)

2023-10-17T14:53:26.931+05:00  INFO 11488 --- [           main] F.FoodDeliverySBandReactApplicationTests : Starting FoodDeliverySBandReactApplicationTests using Java 17.0.2 with PID 11488 (started by Business Network in E:\Database Project\TheProject\BackEnd-SpringBoot)
2023-10-17T14:53:26.934+05:00  INFO 11488 --- [           main] F.FoodDeliverySBandReactApplicationTests : No active profile set, falling back to 1 default profile: "default"
2023-10-17T14:53:28.115+05:00  INFO 11488 --- [           main] .s.d.r.c.RepositoryConfigurationDelegate : Bootstrapping Spring Data JPA repositories in DEFAULT mode.
2023-10-17T14:53:28.285+05:00  INFO 11488 --- [           main] .s.d.r.c.RepositoryConfigurationDelegate : Finished Spring Data repository scanning in 152 ms. Found 9 JPA repository interfaces.
2023-10-17T14:53:29.294+05:00  INFO 11488 --- [           main] o.hibernate.jpa.internal.util.LogHelper  : HHH000204: Processing PersistenceUnitInfo [name: default]
2023-10-17T14:53:29.415+05:00  INFO 11488 --- [           main] org.hibernate.Version                    : HHH000412: Hibernate ORM core version 6.2.9.Final
2023-10-17T14:53:29.421+05:00  INFO 11488 --- [           main] org.hibernate.cfg.Environment            : HHH000406: Using bytecode reflection optimizer
2023-10-17T14:53:29.762+05:00  INFO 11488 --- [           main] o.h.b.i.BytecodeProviderInitiator        : HHH000021: Bytecode provider name : bytebuddy
2023-10-17T14:53:30.000+05:00  INFO 11488 --- [           main] o.s.o.j.p.SpringPersistenceUnitInfo      : No LoadTimeWeaver setup: ignoring JPA class transformer
2023-10-17T14:53:30.033+05:00  INFO 11488 --- [           main] com.zaxxer.hikari.HikariDataSource       : HikariPool-1 - Starting...
2023-10-17T14:53:30.993+05:00  INFO 11488 --- [           main] com.zaxxer.hikari.pool.HikariPool        : HikariPool-1 - Added connection org.postgresql.jdbc.PgConnection@4e8598d9
2023-10-17T14:53:30.995+05:00  INFO 11488 --- [           main] com.zaxxer.hikari.HikariDataSource       : HikariPool-1 - Start completed.
2023-10-17T14:53:31.904+05:00  INFO 11488 --- [           main] o.h.b.i.BytecodeProviderInitiator        : HHH000021: Bytecode provider name : bytebuddy
2023-10-17T14:53:33.223+05:00  INFO 11488 --- [           main] o.h.e.t.j.p.i.JtaPlatformInitiator       : HHH000490: Using JtaPlatform implementation: [org.hibernate.engine.transaction.jta.platform.internal.NoJtaPlatform]
2023-10-17T14:53:33.545+05:00  INFO 11488 --- [           main] j.LocalContainerEntityManagerFactoryBean : Initialized JPA EntityManagerFactory for persistence unit 'default'
2023-10-17T14:53:34.643+05:00  WARN 11488 --- [           main] JpaBaseConfiguration$JpaWebConfiguration : spring.jpa.open-in-view is enabled by default. Therefore, database queries may be performed during view rendering. Explicitly configure spring.jpa.open-in-view to disable this warning
2023-10-17T14:53:35.572+05:00  WARN 11488 --- [           main] .s.s.UserDetailsServiceAutoConfiguration : 

Using generated security password: 331d9eee-b0e2-4237-8a70-38a73a077721

This generated password is for development use only. Your security configuration must be updated before running your application in production.

2023-10-17T14:53:35.920+05:00  INFO 11488 --- [           main] o.s.s.web.DefaultSecurityFilterChain     : Will secure any request with [org.springframework.security.web.session.DisableEncodeUrlFilter@33cec966, org.springframework.security.web.context.request.async.WebAsyncManagerIntegrationFilter@643fed50, org.springframework.security.web.context.SecurityContextHolderFilter@1bcdd302, org.springframework.security.web.header.HeaderWriterFilter@7151dd9d, org.springframework.security.web.csrf.CsrfFilter@491f3fb0, org.springframework.security.web.authentication.logout.LogoutFilter@4767be27, org.springframework.security.web.authentication.UsernamePasswordAuthenticationFilter@258291de, org.springframework.security.web.authentication.ui.DefaultLoginPageGeneratingFilter@6c120b00, org.springframework.security.web.authentication.ui.DefaultLogoutPageGeneratingFilter@65b07b9, org.springframework.security.web.authentication.www.BasicAuthenticationFilter@75c45c4b, org.springframework.security.web.savedrequest.RequestCacheAwareFilter@30ce78e3, org.springframework.security.web.servletapi.SecurityContextHolderAwareRequestFilter@6939f18a, org.springframework.security.web.authentication.AnonymousAuthenticationFilter@7dbe858f, org.springframework.security.web.access.ExceptionTranslationFilter@64b20d9c, org.springframework.security.web.access.intercept.AuthorizationFilter@1a18e68a]
2023-10-17T14:53:36.027+05:00  INFO 11488 --- [           main] F.FoodDeliverySBandReactApplicationTests : Started FoodDeliverySBandReactApplicationTests in 9.628 seconds (process running for 11.365)
]]></system-out>
  </testcase>
</testsuite>